<?xml version="1.0" encoding="UTF-8"?>
<!-- Generated by org.testng.reporters.JUnitReportReporter -->
<testsuite hostname="hp" failures="0" tests="1" name="com.Coverfox_TestNG.CoverfoxPriceFilterTestNG" time="23.414" errors="0" timestamp="2025-05-13T10:33:18 IST" skipped="0">
  <testcase classname="com.Coverfox_TestNG.CoverfoxPriceFilterTestNG" name="validateRangeFilter" time="23.414">
    <system-out>
      <![CDATA[Clicked on filter.
Filter applied
Test case has been passed...]]>
    </system-out>
  </testcase> <!-- validateRangeFilter -->
  <system-out>
    <![CDATA[Selecting gender
Clicking next button
Selecting my age
Selecting father age
Clicking on next button
Data read from excel.
PinCode entered
Data read from excel.
Fathers PinCode entered
Data read from excel.
Mobile number has been entered
Clicking on continue button
Clicked on filter.
Filter applied
Test case has been passed...]]>
  </system-out>
</testsuite> <!-- com.Coverfox_TestNG.CoverfoxPriceFilterTestNG -->
