<?xml version="1.0" encoding="UTF-8"?>
<!-- Generated by org.testng.reporters.JUnitReportReporter -->
<testsuite hostname="hp" failures="0" tests="2" name="com.Coverfox_TestNG.CoverFoxTestByTestNG" time="18.614" errors="0" timestamp="2025-05-13T10:07:21 IST" skipped="0">
  <testcase classname="com.Coverfox_TestNG.CoverFoxTestByTestNG" name="validateErrorMsg" time="5.131">
    <system-out>
      <![CDATA[Clicking on continue button
TC1 -Pin error msg is visible correctly
TC1 -Pin error msg is visible correctly
TC1 -Mobile Number error msg is visible correctly
Data read from excel.
PinCode entered
Data read from excel.
Fathers PinCode entered
Data read from excel.
Mobile number has been entered
Clicking on continue button
Screenshot has been saved.]]>
    </system-out>
  </testcase> <!-- validateErrorMsg -->
  <testcase classname="com.Coverfox_TestNG.CoverFoxTestByTestNG" name="validateNoOfPlans" time="13.483">
    <system-out>
      <![CDATA[Test case validateNoOfPlans has passed.
Screenshot has been saved.]]>
    </system-out>
  </testcase> <!-- validateNoOfPlans -->
  <system-out>
    <![CDATA[Selecting gender
Clicking next button
Selecting my age
Selecting father age
Clicking on next button
Clicking on continue button
TC1 -Pin error msg is visible correctly
TC1 -Pin error msg is visible correctly
TC1 -Mobile Number error msg is visible correctly
Data read from excel.
PinCode entered
Data read from excel.
Fathers PinCode entered
Data read from excel.
Mobile number has been entered
Clicking on continue button
Screenshot has been saved.
Test case validateNoOfPlans has passed.
Screenshot has been saved.]]>
  </system-out>
</testsuite> <!-- com.Coverfox_TestNG.CoverFoxTestByTestNG -->
